<?xml version="1.0" encoding="UTF-8"?>
<!-- Generated by org.testng.reporters.JUnitReportReporter -->
<testsuite name="Delete_Group.Delete_Arti.wEBDRIVER" tests="1" time="24.381" ignored="0" failures="0" timestamp="30 Jan 2017 08:33:38 GMT" skipped="0" hostname="Admin" errors="0">
  <testcase name="hi" time="24.381" classname="Delete_Group.Delete_Arti.wEBDRIVER"/>
</testsuite> <!-- Delete_Group.Delete_Arti.wEBDRIVER -->
